\BOOKMARK [1][-]{section.1}{Abstract}{}% 1
\BOOKMARK [1][-]{section.2}{Introduction}{}% 2
\BOOKMARK [1][-]{section.3}{Theory}{}% 3
\BOOKMARK [2][-]{subsection.3.1}{Newton's law of universal gravitation}{section.3}% 4
\BOOKMARK [2][-]{subsection.3.2}{Energy}{section.3}% 5
\BOOKMARK [2][-]{subsection.3.3}{Open Clusters}{section.3}% 6
\BOOKMARK [2][-]{subsection.3.4}{Verlet algorithm}{section.3}% 7
\BOOKMARK [3][-]{subsubsection.3.4.1}{Velocity Verlet algorithm}{subsection.3.4}% 8
\BOOKMARK [2][-]{subsection.3.5}{Runge-Kutta methods}{section.3}% 9
\BOOKMARK [3][-]{subsubsection.3.5.1}{Fourth order Runge-Kutta method \(RK4\)}{subsection.3.5}% 10
\BOOKMARK [3][-]{subsubsection.3.5.2}{RK4 in this Project}{subsection.3.5}% 11
\BOOKMARK [1][-]{section.4}{Execution}{}% 12
\BOOKMARK [2][-]{subsection.4.1}{General structure and overview}{section.4}% 13
\BOOKMARK [3][-]{subsubsection.4.1.1}{constructor}{subsection.4.1}% 14
\BOOKMARK [3][-]{subsubsection.4.1.2}{constants and objects}{subsection.4.1}% 15
\BOOKMARK [3][-]{subsubsection.4.1.3}{general functions}{subsection.4.1}% 16
\BOOKMARK [2][-]{subsection.4.2}{Velocity-verlet-algorithm}{section.4}% 17
\BOOKMARK [2][-]{subsection.4.3}{Runge Kutta-Method}{section.4}% 18
\BOOKMARK [1][-]{section.5}{Discussion}{}% 19
\BOOKMARK [1][-]{section.6}{Source code}{}% 20
