\BOOKMARK [1][-]{section.1}{Introduction}{}% 1
\BOOKMARK [1][-]{section.2}{Theory}{}% 2
\BOOKMARK [2][-]{subsection.2.1}{Newton's law of universal gravitation}{section.2}% 3
\BOOKMARK [2][-]{subsection.2.2}{Energy}{section.2}% 4
\BOOKMARK [2][-]{subsection.2.3}{Open Clusters}{section.2}% 5
\BOOKMARK [2][-]{subsection.2.4}{Verlet algorithm}{section.2}% 6
\BOOKMARK [3][-]{subsubsection.2.4.1}{Velocity Verlet algorithm}{subsection.2.4}% 7
\BOOKMARK [2][-]{subsection.2.5}{Runge-Kutta methods}{section.2}% 8
\BOOKMARK [3][-]{subsubsection.2.5.1}{fourth order Runge-Kutta method \(RK4\)}{subsection.2.5}% 9
\BOOKMARK [3][-]{subsubsection.2.5.2}{RK4 in this Project}{subsection.2.5}% 10
\BOOKMARK [2][-]{subsection.2.6}{Units}{section.2}% 11
\BOOKMARK [1][-]{section.3}{Execution}{}% 12
\BOOKMARK [2][-]{subsection.3.1}{General structure and overview}{section.3}% 13
\BOOKMARK [3][-]{subsubsection.3.1.1}{constructor}{subsection.3.1}% 14
\BOOKMARK [3][-]{subsubsection.3.1.2}{constants and objects}{subsection.3.1}% 15
\BOOKMARK [3][-]{subsubsection.3.1.3}{general functions}{subsection.3.1}% 16
\BOOKMARK [2][-]{subsection.3.2}{Velocity-verlet-algorithm}{section.3}% 17
\BOOKMARK [2][-]{subsection.3.3}{Runge Kutta-Method}{section.3}% 18
\BOOKMARK [2][-]{subsection.3.4}{Additional methods}{section.3}% 19
\BOOKMARK [1][-]{section.4}{Results}{}% 20
\BOOKMARK [2][-]{subsection.4.1}{Results of the two-body-system}{section.4}% 21
\BOOKMARK [2][-]{subsection.4.2}{Results of the N-body system}{section.4}% 22
\BOOKMARK [1][-]{section.5}{Discussion}{}% 23
\BOOKMARK [1][-]{section.6}{Conclusion}{}% 24
\BOOKMARK [1][-]{section.7}{Source code}{}% 25
